#######################################################################################
# log primitive debug message of FSDB dumping                                         #
# This is for R&D to analyze when there are issues happening when FSDB dump           #
#######################################################################################
ANF: vcsd_get_serial_mode_status('./uart_rx_tb: undefined symbol: vcsd_get_serial_mode_status')
ANF: vcsd_enable_sva_success_callback('./uart_rx_tb: undefined symbol: vcsd_enable_sva_success_callback')
ANF: vcsd_disable_sva_success_callback('./uart_rx_tb: undefined symbol: vcsd_disable_sva_success_callback')
ANF: vcsd_get_thread_id('./uart_rx_tb: undefined symbol: vcsd_get_thread_id')
ANF: vcsd_get_power_scope_name('./uart_rx_tb: undefined symbol: vcsd_get_power_scope_name')
ANF: vcsd_begin_no_value_var_info('./uart_rx_tb: undefined symbol: vcsd_begin_no_value_var_info')
ANF: vcsd_end_no_value_var_info('./uart_rx_tb: undefined symbol: vcsd_end_no_value_var_info')
ANF: vcsd_remove_xprop_merge_mode_callback('./uart_rx_tb: undefined symbol: vcsd_remove_xprop_merge_mode_callback')
ANF: vcsd_node_check_native_callback('./uart_rx_tb: undefined symbol: vcsd_node_check_native_callback')
ANF: vcsd_node_add_native_callback('./uart_rx_tb: undefined symbol: vcsd_node_add_native_callback')
ANF: vcsdIsNativeVc('./uart_rx_tb: undefined symbol: vcsdIsNativeVc')
ANF: vhpi_get_cb_info('./uart_rx_tb: undefined symbol: vhpi_get_cb_info')
ANF: vhpi_free_handle('./uart_rx_tb: undefined symbol: vhpi_free_handle')
ANF: vhpi_fetch_vcsd_handle('./uart_rx_tb: undefined symbol: vhpi_fetch_vcsd_handle')
ANF: vhpi_fetch_vpi_handle('./uart_rx_tb: undefined symbol: vhpi_fetch_vpi_handle')
ANF: vhpi_has_verilog_parent('./uart_rx_tb: undefined symbol: vhpi_has_verilog_parent')
ANF: vhpi_is_verilog_scope('./uart_rx_tb: undefined symbol: vhpi_is_verilog_scope')
ANF: scsd_xprop_is_enabled('./uart_rx_tb: undefined symbol: scsd_xprop_is_enabled')
ANF: scsd_xprop_sig_is_promoted('./uart_rx_tb: undefined symbol: scsd_xprop_sig_is_promoted')
ANF: scsd_xprop_int_xvalue('./uart_rx_tb: undefined symbol: scsd_xprop_int_xvalue')
ANF: scsd_xprop_bool_xvalue('./uart_rx_tb: undefined symbol: scsd_xprop_bool_xvalue')
ANF: scsd_xprop_enum_xvalue('./uart_rx_tb: undefined symbol: scsd_xprop_enum_xvalue')
ANF: scsd_xprop_register_merge_mode_cb('./uart_rx_tb: undefined symbol: scsd_xprop_register_merge_mode_cb')
ANF: scsd_xprop_delete_merge_mode_cb('./uart_rx_tb: undefined symbol: scsd_xprop_delete_merge_mode_cb')
ANF: scsd_xprop_get_merge_mode('./uart_rx_tb: undefined symbol: scsd_xprop_get_merge_mode')
ANF: scsd_thread_get_info('./uart_rx_tb: undefined symbol: scsd_thread_get_info')
ANF: scsd_thread_vc_init('./uart_rx_tb: undefined symbol: scsd_thread_vc_init')
ANF: scsd_master_set_delta_sync_cbk('./uart_rx_tb: undefined symbol: scsd_master_set_delta_sync_cbk')
ANF: scsd_fgp_get_fsdb_cores('./uart_rx_tb: undefined symbol: scsd_fgp_get_fsdb_cores')
ANF: msvEnableDumpingMode('./uart_rx_tb: undefined symbol: msvEnableDumpingMode')
ANF: msvGetVersion('./uart_rx_tb: undefined symbol: msvGetVersion')
ANF: msvGetInstProp('./uart_rx_tb: undefined symbol: msvGetInstProp')
ANF: msvIsSpiceEngineReady('./uart_rx_tb: undefined symbol: msvIsSpiceEngineReady')
ANF: msvSetAddProbeCallback('./uart_rx_tb: undefined symbol: msvSetAddProbeCallback')
ANF: msvGetInstHandle('./uart_rx_tb: undefined symbol: msvGetInstHandle')
ANF: msvGetProbeByInst('./uart_rx_tb: undefined symbol: msvGetProbeByInst')
ANF: msvGetSigHandle('./uart_rx_tb: undefined symbol: msvGetSigHandle')
ANF: msvGetProbeBySig('./uart_rx_tb: undefined symbol: msvGetProbeBySig')
ANF: msvGetProbeInfo('./uart_rx_tb: undefined symbol: msvGetProbeInfo')
ANF: msvRelease('./uart_rx_tb: undefined symbol: msvRelease')
ANF: msvSetVcCallbackFunc('./uart_rx_tb: undefined symbol: msvSetVcCallbackFunc')
ANF: msvCheckVcCallback('./uart_rx_tb: undefined symbol: msvCheckVcCallback')
ANF: msvAddVcCallback('./uart_rx_tb: undefined symbol: msvAddVcCallback')
ANF: msvRemoveVcCallback('./uart_rx_tb: undefined symbol: msvRemoveVcCallback')
ANF: msvGetLatestValue('./uart_rx_tb: undefined symbol: msvGetLatestValue')
ANF: msvSetEndofSimCallback('./uart_rx_tb: undefined symbol: msvSetEndofSimCallback')
ANF: msvIgnoredProbe('./uart_rx_tb: undefined symbol: msvIgnoredProbe')
ANF: msvGetThruNetInfo('./uart_rx_tb: undefined symbol: msvGetThruNetInfo')
ANF: msvFreeThruNetInfo('./uart_rx_tb: undefined symbol: msvFreeThruNetInfo')
ANF: PI_ace_get_output_time_unit('./uart_rx_tb: undefined symbol: PI_ace_get_output_time_unit')
ANF: PI_ace_sim_sync('./uart_rx_tb: undefined symbol: PI_ace_sim_sync')
ANF: msvGetRereadInitFile('./uart_rx_tb: undefined symbol: msvGetRereadInitFile')
ANF: msvSetBeforeRereadCallback('./uart_rx_tb: undefined symbol: msvSetBeforeRereadCallback')
ANF: msvSetAfterRereadCallback('./uart_rx_tb: undefined symbol: msvSetAfterRereadCallback')
ANF: msvSetForceCallback('./uart_rx_tb: undefined symbol: msvSetForceCallback')
ANF: msvSetReleaseCallback('./uart_rx_tb: undefined symbol: msvSetReleaseCallback')
ANF: msvGetForceStatus('./uart_rx_tb: undefined symbol: msvGetForceStatus')
ANF: vdi_fn_trigger_native_init_force('./uart_rx_tb: undefined symbol: vdi_fn_trigger_native_init_force')
ANF: vdi_set_native_callback('./uart_rx_tb: undefined symbol: vdi_set_native_callback')
ANF: vdi_fn_check_native_callback('./uart_rx_tb: undefined symbol: vdi_fn_check_native_callback')
ANF: vdi_fn_add_native_callback('./uart_rx_tb: undefined symbol: vdi_fn_add_native_callback')
ANF: vhdi_dt_get_type('./uart_rx_tb: undefined symbol: vhdi_dt_get_type')
ANF: vhdi_dt_get_key('./uart_rx_tb: undefined symbol: vhdi_dt_get_key')
ANF: vhdi_dt_get_vhdl_enum_info('./uart_rx_tb: undefined symbol: vhdi_dt_get_vhdl_enum_info')
ANF: vhdi_dt_get_vhdl_physical_info('./uart_rx_tb: undefined symbol: vhdi_dt_get_vhdl_physical_info')
ANF: vhdi_dt_get_vhdl_array_info('./uart_rx_tb: undefined symbol: vhdi_dt_get_vhdl_array_info')
ANF: vhdi_dt_get_vhdl_record_info('./uart_rx_tb: undefined symbol: vhdi_dt_get_vhdl_record_info')
ANF: vhdi_def_traverse_module('./uart_rx_tb: undefined symbol: vhdi_def_traverse_module')
ANF: vhdi_def_traverse_scope('./uart_rx_tb: undefined symbol: vhdi_def_traverse_scope')
ANF: vhdi_def_traverse_variable('./uart_rx_tb: undefined symbol: vhdi_def_traverse_variable')
ANF: vhdi_def_get_module_id_by_vhpi('./uart_rx_tb: undefined symbol: vhdi_def_get_module_id_by_vhpi')
ANF: vhdi_def_get_handle_by_module_id('./uart_rx_tb: undefined symbol: vhdi_def_get_handle_by_module_id')
ANF: vhdi_def_get_variable_info_by_vhpi('./uart_rx_tb: undefined symbol: vhdi_def_get_variable_info_by_vhpi')
ANF: vhdi_def_free('./uart_rx_tb: undefined symbol: vhdi_def_free')
ANF: vhdi_ist_traverse_scope('./uart_rx_tb: undefined symbol: vhdi_ist_traverse_scope')
ANF: vhdi_ist_traverse_variable('./uart_rx_tb: undefined symbol: vhdi_ist_traverse_variable')
ANF: vhdi_ist_convert_by_vhpi('./uart_rx_tb: undefined symbol: vhdi_ist_convert_by_vhpi')
ANF: vhdi_ist_clone('./uart_rx_tb: undefined symbol: vhdi_ist_clone')
ANF: vhdi_ist_free('./uart_rx_tb: undefined symbol: vhdi_ist_free')
ANF: vhdi_ist_hash_key('./uart_rx_tb: undefined symbol: vhdi_ist_hash_key')
ANF: vhdi_ist_compare('./uart_rx_tb: undefined symbol: vhdi_ist_compare')
ANF: vhdi_ist_get_value_addr('./uart_rx_tb: undefined symbol: vhdi_ist_get_value_addr')
ANF: vhdi_set_scsd_callback('./uart_rx_tb: undefined symbol: vhdi_set_scsd_callback')
ANF: vhdi_cbk_set_force_callback('./uart_rx_tb: undefined symbol: vhdi_cbk_set_force_callback')
ANF: vhdi_trigger_init_force('./uart_rx_tb: undefined symbol: vhdi_trigger_init_force')
ANF: vhdi_ist_check_scsd_callback('./uart_rx_tb: undefined symbol: vhdi_ist_check_scsd_callback')
ANF: vhdi_ist_add_scsd_callback('./uart_rx_tb: undefined symbol: vhdi_ist_add_scsd_callback')
ANF: vhdi_ist_remove_scsd_callback('./uart_rx_tb: undefined symbol: vhdi_ist_remove_scsd_callback')
ANF: vhdi_ist_get_scsd_user_data('./uart_rx_tb: undefined symbol: vhdi_ist_get_scsd_user_data')
ANF: vhdi_add_time_change_callback('./uart_rx_tb: undefined symbol: vhdi_add_time_change_callback')
ANF: vhdi_get_real_value_by_value_addr('./uart_rx_tb: undefined symbol: vhdi_get_real_value_by_value_addr')
ANF: vhdi_get_64_value_by_value_addr('./uart_rx_tb: undefined symbol: vhdi_get_64_value_by_value_addr')
ANF: vhdi_xprop_inst_is_promoted('./uart_rx_tb: undefined symbol: vhdi_xprop_inst_is_promoted')
ANF: vdi_ist_convert_by_vhdi('./uart_rx_tb: undefined symbol: vdi_ist_convert_by_vhdi')
ANF: vhdi_ist_get_module_id('./uart_rx_tb: undefined symbol: vhdi_ist_get_module_id')
ANF: vhdi_refine_foreign_scope_type('./uart_rx_tb: undefined symbol: vhdi_refine_foreign_scope_type')
ANF: vhdi_flush_callback('./uart_rx_tb: undefined symbol: vhdi_flush_callback')
ANF: vhdi_set_orig_name('./uart_rx_tb: undefined symbol: vhdi_set_orig_name')
ANF: vhdi_set_dump_pt('./uart_rx_tb: undefined symbol: vhdi_set_dump_pt')
ANF: vhdi_get_fsdb_option('./uart_rx_tb: undefined symbol: vhdi_get_fsdb_option')
ANF: vhdi_fgp_get_mode('./uart_rx_tb: undefined symbol: vhdi_fgp_get_mode')
ANF: vhdi_node_register_composite_var('./uart_rx_tb: undefined symbol: vhdi_node_register_composite_var')
ANF: vhdi_node_analysis('./uart_rx_tb: undefined symbol: vhdi_node_analysis')
ANF: vhdi_node_id('./uart_rx_tb: undefined symbol: vhdi_node_id')
ANF: vhdi_node_ist_check_scsd_callback('./uart_rx_tb: undefined symbol: vhdi_node_ist_check_scsd_callback')
ANF: vhdi_node_ist_add_scsd_callback('./uart_rx_tb: undefined symbol: vhdi_node_ist_add_scsd_callback')
ANF: vhdi_node_ist_get_value_addr('./uart_rx_tb: undefined symbol: vhdi_node_ist_get_value_addr')
VCS compile option:
 option[0]: ./uart_rx_tb
 option[1]: -ucli
 option[2]: -i
 option[3]: ./scripts/dump_fsdb_vcs.tcl
 option[4]: +fsdb+autoflush
 option[5]: -cm
 option[6]: line+cond+fsm+branch+tgl
 option[7]: -cm_name
 option[8]: uart_rx_tb
 option[9]: -cm_dir
 option[10]: ./uart_rx_tb.vdb
 option[11]: -l
 option[12]: uart_rx_tb.log
 option[13]: /home/synopsys/vcs-mx/O-2018.09-1/linux64/bin/vcs1
 option[14]: -Mcc=gcc
 option[15]: -Mcplusplus=g++
 option[16]: -Masflags=
 option[17]: -Mcfl= -pipe -fPIC -O -I/home/synopsys/vcs-mx/O-2018.09-1/include 
 option[18]: -Mxcflags= -pipe -fPIC -I/home/synopsys/vcs-mx/O-2018.09-1/include
 option[19]: -Mldflags= -rdynamic -rdynamic 
 option[20]: -Mout=uart_rx_tb
 option[21]: -Mamsrun=
 option[22]: -Mvcsaceobjs=
 option[23]: -Mobjects= /home/synopsys/vcs-mx/O-2018.09-1/linux64/lib/libvirsim.so /home/synopsys/vcs-mx/O-2018.09-1/linux64/lib/liberrorinf.so /home/synopsys/vcs-mx/O-2018.09-1/linux64/lib/libsnpsmalloc.so /home/synopsys/vcs-mx/O-2018.09-1/linux64/lib/libvfs.so /home/synopsys/verdi/Verdi_O-2018.09-SP2/share/PLI/VCS/linux64/pli.a 
 option[24]: -Mexternalobj=
 option[25]: -Msaverestoreobj=/home/synopsys/vcs-mx/O-2018.09-1/linux64/lib/vcs_save_restore_new.o
 option[26]: -Mcrt0=
 option[27]: -Mcrtn=
 option[28]: -Mcsrc=
 option[29]: -Mupdate
 option[30]: -Msyslibs=-ldl -lm 
 option[31]: -l
 option[32]: compile.log
 option[33]: -full64
 option[34]: +v2k
 option[35]: -timescale=1ns/1ns
 option[36]: -o
 option[37]: uart_rx_tb
 option[38]: -cm
 option[39]: line+cond+fsm+branch+tgl
 option[40]: -cm_name
 option[41]: uart_rx_tb
 option[42]: -cm_dir
 option[43]: ./uart_rx_tb.vdb
 option[44]: -Xcbug=0x1
 option[45]: -P
 option[46]: /home/synopsys/verdi/Verdi_O-2018.09-SP2/share/PLI/VCS/linux64/novas.tab
 option[47]: 
 option[48]: +nospecify
 option[49]: -picarchive
 option[50]: +vcsd
 option[51]: +itf+/home/synopsys/vcs-mx/O-2018.09-1/linux64/lib/vcsdp.tab
 option[52]: +cli+1
 option[53]: -debug=1
 option[54]: +memcbk
 option[55]: -sverilog
 option[56]: +vpi
 option[57]: -gen_obj
 option[58]: -f
 option[59]: ./filelist.f
 option[60]: timescale=1ns/1ns
Chronologic Simulation VCS Release O-2018.09-1_Full64
Linux 3.10.0-1160.53.1.el7.x86_64 #1 SMP Fri Jan 14 13:59:45 UTC 2022 x86_64
CPU cores: 8
Limit information:
======================================
cputime		unlimited
filesize		unlimited
datasize		unlimited
stacksize		unlimited
coredumpsize		0 kbytes
memoryuse		unlimited
vmemoryuse		unlimited
descriptors		4096
memorylocked		64 kbytes
maxproc		4096
======================================
(Special)Runtime environment variables:

Runtime environment variables:
DESKTOP_SESSION=gnome-classic
XDG_SESSION_TYPE=x11
MGC_CALIBRE_SCHEMATIC_SERVER=IC_EDA:9199
XAUTHORITY=/run/gdm/auth-for-ICer-hyT0U8/database
GDMSESSION=gnome-classic
XMODIFIERS=@im=ibus
SHELL=/bin/bash
GDM_LANG=en_US.UTF-8
VTE_VERSION=5204
_=/usr/local/bin/make
SPECMAN_DIR=/home/cadence/INCISIVE152/components/sn/
HISTCONTROL=ignoredups
SNPSLMD_LICENSE_FILE=27000@IC_EDA
USERNAME=ICer
DVE_HOME=/home/synopsys/vcs-mx/O-2018.09-1
XDG_DATA_DIRS=/home/ICer/.local/share/flatpak/exports/share/:/var/lib/flatpak/exports/share/:/usr/local/share/:/usr/share/
QT_PLUGIN_PATH=/usr/lib64/kde4/plugins:/usr/lib/kde4/plugins
LESSOPEN=||/usr/bin/lesspipe.sh %s
QUESTASIM_HOME=/home/mentor/questasim
PATH=/home/ICer/miniconda3/bin:/home/ICer/miniconda3/condabin:/home/Xilinx/SDK/2019.1/bin:/home/Xilinx/SDK/2019.1/gnu/microblaze/lin/bin:/home/Xilinx/SDK/2019.1/gnu/arm/lin/bin:/home/Xilinx/SDK/2019.1/gnu/microblaze/linux_toolchain/lin64_le/bin:/home/Xilinx/SDK/2019.1/gnu/aarch32/lin/gcc-arm-linux-gnueabi/bin:/home/Xilinx/SDK/2019.1/gnu/aarch32/lin/gcc-arm-none-eabi/bin:/home/Xilinx/SDK/2019.1/gnu/aarch64/lin/aarch64-linux/bin:/home/Xilinx/SDK/2019.1/gnu/aarch64/lin/aarch64-none/bin:/home/Xilinx/SDK/2019.1/gnu/armr5/lin/gcc-arm-none-eabi/bin:/home/Xilinx/SDK/2019.1/tps/lnx64/cmake-3.3.2/bin:/home/Xilinx/Vivado/2019.1/bin:/home/Xilinx/DocNav:/usr/lib/qt-3.3/bin:/usr/local/bin:/usr/local/sbin:/usr/bin:/usr/sbin:/bin:/sbin:/home/synopsys/fpga/N-2018.03-SP1/bin:/home/synopsys/pts/O-2018.06-SP1/bin:/home/synopsys/icc2/O-2018.06-SP1/bin:/home/synopsys/syn/O-2018.06-SP1/bin:/home/synopsys/lc/O-2018.06-SP1/bin:/home/synopsys/SpyGlass-L2016.06/SPYGLASS_HOME/bin:/home/synopsys/vcs-mx/O-2018.09-1/gui/dve/bin:/home/synopsys/vcs-mx/O-2018.09-1/bin:/home/synopsys/verdi/Verdi_O-2018.09-SP2/bin:/home/synopsys/scl/2018.06/linux64/bin:.:/home/cadence/IC617/tools/dfII/bin:/home/cadence/IC617/tools/plot/bin:/home/cadence/INCISIVE152/tools/bin:/home/cadence/MMSIM151/bin:/home/cadence/MMSIM151/tools/relxpert/bin:/home/cadence/INCISIVE152/bin:/home/cadence/INCISIVE152/tools.lnx86/bin:/home/cadence/INCISIVE152/tools.lnx86/dfII/bin:/home/mentor/questasim/linux_x86_64:/home/Riscv_Tools/bin:/home/Riscv_Tools/riscv-gnu-toolchain/qemu-6.0.0/build/riscv32-linux-user
PT_HOME=/home/synopsys/pts/O-2018.06-SP1
XILINX_VIVADO=/home/Xilinx/Vivado/2019.1
QT_GRAPHICSSYSTEM_CHECKED=1
SESSION_MANAGER=local/unix:@/tmp/.ICE-unix/3176,unix/unix:/tmp/.ICE-unix/3176
XDG_RUNTIME_DIR=/run/user/1000
XDG_MENU_PREFIX=gnome-
LC_NUMERIC=en_US.UTF-8
SYNPLIFY_HOME=/home/synopsys/fpga/N-2018.03-SP1
LS_COLORS=rs=0:di=38;5;27:ln=38;5;51:mh=44;38;5;15:pi=40;38;5;11:so=38;5;13:do=38;5;5:bd=48;5;232;38;5;11:cd=48;5;232;38;5;3:or=48;5;232;38;5;9:mi=05;48;5;232;38;5;15:su=48;5;196;38;5;15:sg=48;5;11;38;5;16:ca=48;5;196;38;5;226:tw=48;5;10;38;5;16:ow=48;5;10;38;5;21:st=48;5;21;38;5;15:ex=38;5;34:*.tar=38;5;9:*.tgz=38;5;9:*.arc=38;5;9:*.arj=38;5;9:*.taz=38;5;9:*.lha=38;5;9:*.lz4=38;5;9:*.lzh=38;5;9:*.lzma=38;5;9:*.tlz=38;5;9:*.txz=38;5;9:*.tzo=38;5;9:*.t7z=38;5;9:*.zip=38;5;9:*.z=38;5;9:*.Z=38;5;9:*.dz=38;5;9:*.gz=38;5;9:*.lrz=38;5;9:*.lz=38;5;9:*.lzo=38;5;9:*.xz=38;5;9:*.bz2=38;5;9:*.bz=38;5;9:*.tbz=38;5;9:*.tbz2=38;5;9:*.tz=38;5;9:*.deb=38;5;9:*.rpm=38;5;9:*.jar=38;5;9:*.war=38;5;9:*.ear=38;5;9:*.sar=38;5;9:*.rar=38;5;9:*.alz=38;5;9:*.ace=38;5;9:*.zoo=38;5;9:*.cpio=38;5;9:*.7z=38;5;9:*.rz=38;5;9:*.cab=38;5;9:*.jpg=38;5;13:*.jpeg=38;5;13:*.gif=38;5;13:*.bmp=38;5;13:*.pbm=38;5;13:*.pgm=38;5;13:*.ppm=38;5;13:*.tga=38;5;13:*.xbm=38;5;13:*.xpm=38;5;13:*.tif=38;5;13:*.tiff=38;5;13:*.png=38;5;13:*.svg=38;5;13:*.svgz=38;5;13:*.mng=38;5;13:*.pcx=38;5;13:*.mov=38;5;13:*.mpg=38;5;13:*.mpeg=38;5;13:*.m2v=38;5;13:*.mkv=38;5;13:*.webm=38;5;13:*.ogm=38;5;13:*.mp4=38;5;13:*.m4v=38;5;13:*.mp4v=38;5;13:*.vob=38;5;13:*.qt=38;5;13:*.nuv=38;5;13:*.wmv=38;5;13:*.asf=38;5;13:*.rm=38;5;13:*.rmvb=38;5;13:*.flc=38;5;13:*.avi=38;5;13:*.fli=38;5;13:*.flv=38;5;13:*.gl=38;5;13:*.dl=38;5;13:*.xcf=38;5;13:*.xwd=38;5;13:*.yuv=38;5;13:*.cgm=38;5;13:*.emf=38;5;13:*.axv=38;5;13:*.anx=38;5;13:*.ogv=38;5;13:*.ogx=38;5;13:*.aac=38;5;45:*.au=38;5;45:*.flac=38;5;45:*.mid=38;5;45:*.midi=38;5;45:*.mka=38;5;45:*.mp3=38;5;45:*.mpc=38;5;45:*.ogg=38;5;45:*.ra=38;5;45:*.wav=38;5;45:*.axa=38;5;45:*.oga=38;5;45:*.spx=38;5;45:*.xspf=38;5;45:
MGC_CALIBRE_LAYOUT_SERVER=IC_EDA:9189
XDG_SESSION_DESKTOP=gnome-classic
SSH_AUTH_SOCK=/run/user/1000/keyring/ssh
KDEDIRS=/usr
DISPLAY=:0
CONDA_EXE=/home/ICer/miniconda3/bin/conda
MGC_HOME=/home/mentor/
IMSETTINGS_INTEGRATE_DESKTOP=yes
HOME=/home/ICer
VCS_HOME=/home/synopsys/vcs-mx/O-2018.09-1
PWD=/home/ICer/Desktop/Projects/Lenet_Fukami_competition/sim
MGC_LICENSE_FILE=/home/mentor//license/license.dat
XDG_SEAT=seat0
SSH_AGENT_PID=3310
CALIBRE_HOME=/home/mentor//Calibre2015/aoi_cal_2015.2_36.27
VERDI_HOME=/home/synopsys/verdi/Verdi_O-2018.09-SP2
MGLS_LICENSE_FILE=/home/mentor/questasim/mentor.dat
DBUS_SESSION_BUS_ADDRESS=unix:abstract=/tmp/dbus-Pi66iar9d1,guid=4fd27983f2f16046283571f765866da2
LD_LIBRARY_PATH=:/home/synopsys/verdi/Verdi_O-2018.09-SP2/share/PLI/lib/LINUX64:/home/synopsys/verdi/Verdi_O-2018.09-SP2/share/PLI/IUS/LINUX64/boot:/home/cadence/INCISIVE152/tools.lnx86/lib
RISCV=/home/Riscv_Tools
SPECMAN_HOME=/home/cadence/INCISIVE152/components/sn
LOGNAME=ICer
CONDA_PROMPT_MODIFIER=(base) 
CDS_LIC_FILE=/home/cadence/license/cadence.dat
GNOME_DESKTOP_SESSION_ID=this-is-deprecated
HOSTNAME=IC_EDA
XDG_VTNR=1
CONDA_DEFAULT_ENV=base
COLORTERM=truecolor
QT_IM_MODULE=ibus
VCS_ARCH_OVERRIDE=linux
SHLVL=2
ICC2_HOME=/home/synopsys/icc2/O-2018.06-SP1
GNOME_SHELL_SESSION_MODE=classic
XDG_SESSION_ID=1
USER=ICer
LC_MONETARY=en_US.UTF-8
QTLIB=/usr/lib/qt-3.3/lib
XDG_CURRENT_DESKTOP=GNOME-Classic:GNOME
INCISIVE_HOME=/home/cadence/INCISIVE152
CONDA_SHLVL=1
IMSETTINGS_MODULE=none
MAKEFLAGS=
MFLAGS=
MAIL=/var/spool/mail/ICer
SPYGLASS_HOME=/home/synopsys/SpyGlass-L2016.06/SPYGLASS_HOME/
MAKE_TERMOUT=/dev/pts/1
DC_HOME=/home/synopsys/syn/O-2018.06-SP1
LC_PAPER=en_US.UTF-8
CADHOME=/home/cadence
OUTPUT=uart_rx_tb
CDSHOME=/home/cadence/IC617
LC_HOME=/home/synopsys/lc/O-2018.06-SP1
MMSIMHOME=/home/cadence/MMSIM151
PS1=(base) [\u@\h `pwd`]\$
LC_MEASUREMENT=en_US.UTF-8
DBUS_STARTER_BUS_TYPE=session
CONDA_PYTHON_EXE=/home/ICer/miniconda3/bin/python
SCL_HOME=/home/synopsys/scl/2018.06
GNOME_TERMINAL_SCREEN=/org/gnome/Terminal/screen/c13d1647_094b_405d_8c6b_5c0426b5359f
GNOME_TERMINAL_SERVICE=:1.137
HISTSIZE=1000
_CE_M=
QEMU_HOME=/home/Riscv_Tools/riscv-gnu-toolchain/qemu-6.0.0
WINDOWPATH=1
LC_TIME=en_US.UTF-8
QTINC=/usr/lib/qt-3.3/include
QTDIR=/usr/lib/qt-3.3
MAKE_TERMERR=/dev/pts/1
CONDA_PREFIX=/home/ICer/miniconda3
TERM=xterm-256color
DBUS_STARTER_ADDRESS=unix:abstract=/tmp/dbus-Pi66iar9d1,guid=4fd27983f2f16046283571f765866da2
_CE_CONDA=
LANG=en_US.UTF-8
MAKELEVEL=1
VCS_HEAP_EXEC=true
VCS_PATHMAP_PRELOAD_DONE=1
VCS_STACK_EXEC=true
VCS_EXEC_DONE=1
LC_ALL=C
DVE=/home/synopsys/vcs-mx/O-2018.09-1/gui/dve
SPECMAN_OUTPUT_TO_TTY=1
Runtime command line arguments:
argv[0]=./uart_rx_tb
argv[1]=-ucli
argv[2]=-i
argv[3]=./scripts/dump_fsdb_vcs.tcl
argv[4]=+fsdb+autoflush
argv[5]=-cm
argv[6]=line+cond+fsm+branch+tgl
argv[7]=-cm_name
argv[8]=uart_rx_tb
argv[9]=-cm_dir
argv[10]=./uart_rx_tb.vdb
argv[11]=-l
argv[12]=uart_rx_tb.log
317 profile - 100
          CPU/Mem usage: 0.390 sys,  0.450 user,  391.32M mem
318 Tue May 28 12:14:02 2024
319 pliAppInit
320 FSDB_GATE is set.
321 FSDB_RTL is set.
322 Enable Parallel Dumping.
323 pliAppMiscSet: New Sim Round
324 pliEntryInit
325 LIBSSCORE=found /home/synopsys/verdi/Verdi_O-2018.09-SP2/share/PLI/lib/LINUXAMD64/libsscore_vcs201809.so through $NOVAS_HOME setting.
326 FSDB Dumper for VCS, Release Verdi_O-2018.09-SP2, Linux x86_64/64bit, 02/21/2019
327 (C) 1996 - 2019 by Synopsys, Inc.
328 sps_tcl_fsdbDumpfile_main at 0
329 argv[0]: uart_rx_tb.fsdb
330 *Verdi* FSDB WARNING: The FSDB file already exists. Overwriting the FSDB file may crash the programs that are using this file.
331 *Verdi* : Create FSDB file 'uart_rx_tb.fsdb'
332 compile option from '/home/ICer/Desktop/Projects/Lenet_Fukami_competition/sim/uart_rx_tb.daidir/vcs_rebuild'.
333   "vcs '-full64' '-sverilog' '+v2k' '-timescale=1ns/1ns' '-o' 'uart_rx_tb' '-l' 'compile.log' '-cm' 'line+cond+fsm+branch+tgl' '-cm_name' 'uart_rx_tb' '-cm_dir' './uart_rx_tb.vdb' '-debug_pp' '-Mupdate' '-LDFLAGS' '-rdynamic' '-P' '/home/synopsys/verdi/Verdi_O-2018.09-SP2/share/PLI/VCS/linux64/novas.tab' '/home/synopsys/verdi/Verdi_O-2018.09-SP2/share/PLI/VCS/linux64/pli.a' '+notimingheck' '+nospecify' '-f' './filelist.f' 2>&1"
334 FSDB_VCS_ENABLE_FAST_VC is enable
335 sps_tcl_fsdbDumpvars_vd_main
336 argv[0]: 0
337 [spi_vcs_vd_ppi_create_root]: no upf option
338 FSDB dumper cannot dump UPF related power signal ($power_tree): no ppiPowerNetwork.
339 *Verdi* : Begin traversing the scopes, layer (0).
340 *Verdi* : End of traversing.
341 pliAppHDL_DumpVarComplete traverse var: profile - 
          CPU/Mem usage: 0.710 sys,  0.490 user,  487.95M mem
                   incr: 0.030 sys,  0.040 user,  9.10M mem
                   accu: 0.030 sys,  0.040 user,  9.10M mem
              accu incr: 0.030 sys,  0.040 user,  9.10M mem

          Count usage: 12798 var,  13312 idcode,  1754 callback
                 incr: 12798 var,  13312 idcode,  1754 callback
                 accu: 12798 var,  13312 idcode,  1754 callback
            accu incr: 12798 var,  13312 idcode,  1754 callback
342 Tue May 28 12:14:02 2024
343 pliAppHDL_DumpVarComplete: profile - 
          CPU/Mem usage: 0.710 sys,  0.500 user,  489.00M mem
                   incr: 0.000 sys,  0.010 user,  1.05M mem
                   accu: 0.030 sys,  0.050 user,  10.15M mem
              accu incr: 0.000 sys,  0.010 user,  1.05M mem

          Count usage: 12798 var,  13312 idcode,  1754 callback
                 incr: 0 var,  0 idcode,  0 callback
                 accu: 12798 var,  13312 idcode,  1754 callback
            accu incr: 0 var,  0 idcode,  0 callback
344 Tue May 28 12:14:02 2024
345 End of simulation at 160916200000
346 Tue May 28 12:15:19 2024
347 Begin FSDB profile info:
348 FSDB Writer : bc1(452388069) bcn(51352528) mtf/stf(0/15)
FSDB Writer elapsed time : flush(4.452038) io wait(0.000000) theadpool wait(0.000000) target functin(0.000000)
FSDB Writer cpu time : MT Compression : 0
349 End FSDB profile info
350 Parallel profile    -  Flush:4 Expand:1 ProduceWait:0 ConsumerWait:2574 BlockUsed:3108
351                        ProduceTime:53.031536306 ConsumerTime:33.494233171 Buffer:96MB
352 SimExit
353 Sim process exit
