Command: /home/ICer/Desktop/Projects/Lenet_Fukami_competition/sim/./uart_rx_tb -ucli -i ./scripts/dump_fsdb_vcs.tcl +fsdb+autoflush -cm line+cond+fsm+branch+tgl -cm_name uart_rx_tb -cm_dir ./uart_rx_tb.vdb -l uart_rx_tb.log
Chronologic VCS simulator copyright 1991-2018
Contains Synopsys proprietary information.
Compiler version O-2018.09-1_Full64; Runtime version O-2018.09-1_Full64;  May 28 12:14 2024
ucli% global env
ucli% fsdbDumpfile "$env(OUTPUT).fsdb"
*Verdi* Loading libsscore_vcs201809.so
FSDB Dumper for VCS, Release Verdi_O-2018.09-SP2, Linux x86_64/64bit, 02/21/2019
(C) 1996 - 2019 by Synopsys, Inc.
*Verdi* FSDB WARNING: The FSDB file already exists. Overwriting the FSDB file may crash the programs that are using this file.
*Verdi* : Create FSDB file 'uart_rx_tb.fsdb'
ucli% fsdbDumpvars 0 
*Verdi* : Begin traversing the scopes, layer (0).
*Verdi* : End of traversing.
ucli% run
Initialization finished!!!

Command = 03

exit
 
---------------------------------------------------------------------------
VCS Coverage Metrics: during simulation line, cond, FSM, branch, tgl was monitored
---------------------------------------------------------------------------
           V C S   S i m u l a t i o n   R e p o r t 
Time: 160916200000 ps
CPU Time:     86.580 seconds;       Data structure size:  32.9Mb
Tue May 28 12:15:19 2024
